Построение начато 13.11.2025 15:14:41.
     1>Проект "E:\24vvv1\Maksimov\lab8\lab8\lab8.vcxproj" в узле 2 (целевые объекты build).
     1>InitializeBuildStatus:
         Обращение к "Debug\lab8.unsuccessfulbuild".
       ClCompile:
         Для всех выходных данных обновления не требуется.
         C:\Program Files\Microsoft Visual Studio 10.0\VC\bin\CL.exe /c /ZI /nologo /W3 /WX- /Od /Oy- /D WIN32 /D _DEBUG /D _CONSOLE /D _UNICODE /D UNICODE /Gm /EHsc /RTC1 /MDd /GS /fp:precise /Zc:wchar_t /Zc:forScope /Yu"StdAfx.h" /Fp"Debug\lab8.pch" /Fo"Debug\\" /Fd"Debug\vc100.pdb" /Gd /TP /analyze- /errorReport:prompt lab8.cpp
         lab8.cpp
     1>e:\24vvv1\maksimov\lab8\lab8\lab8.cpp(139): warning C4305: аргумент: усечение из "__int64" к "unsigned int"
     1>e:\24vvv1\maksimov\lab8\lab8\lab8.cpp(139): warning C4309: аргумент: усечение константного значения
     1>e:\24vvv1\maksimov\lab8\lab8\lab8.cpp(143): warning C4996: 'scanf': This function or variable may be unsafe. Consider using scanf_s instead. To disable deprecation, use _CRT_SECURE_NO_WARNINGS. See online help for details.
                 c:\program files\microsoft visual studio 10.0\vc\include\stdio.h(304): см. объявление "scanf"
     1>e:\24vvv1\maksimov\lab8\lab8\lab8.cpp(157): warning C4244: инициализация: преобразование "double" в "float", возможна потеря данных
     1>e:\24vvv1\maksimov\lab8\lab8\lab8.cpp(174): warning C4244: инициализация: преобразование "double" в "float", возможна потеря данных
     1>e:\24vvv1\maksimov\lab8\lab8\lab8.cpp(186): warning C4996: 'scanf': This function or variable may be unsafe. Consider using scanf_s instead. To disable deprecation, use _CRT_SECURE_NO_WARNINGS. See online help for details.
                 c:\program files\microsoft visual studio 10.0\vc\include\stdio.h(304): см. объявление "scanf"
       Link:
         C:\Program Files\Microsoft Visual Studio 10.0\VC\bin\link.exe /ERRORREPORT:PROMPT /OUT:"E:\24vvv1\Maksimov\lab8\Debug\lab8.exe" /INCREMENTAL:NO /NOLOGO kernel32.lib user32.lib gdi32.lib winspool.lib comdlg32.lib advapi32.lib shell32.lib ole32.lib oleaut32.lib uuid.lib odbc32.lib odbccp32.lib /MANIFEST /ManifestFile:"Debug\lab8.exe.intermediate.manifest" /MANIFESTUAC:"level='asInvoker' uiAccess='false'" /DEBUG /PDB:"E:\24vvv1\Maksimov\lab8\Debug\lab8.pdb" /SUBSYSTEM:CONSOLE /TLBID:1 /DYNAMICBASE /NXCOMPAT /IMPLIB:"E:\24vvv1\Maksimov\lab8\Debug\lab8.lib" /MACHINE:X86 Debug\lab8.obj
         Debug\stdafx.obj
     1>lab8.obj : warning LNK4075: не учитывается "/EDITANDCONTINUE" из-за спецификации "/INCREMENTAL:NO"
         lab8.vcxproj -> E:\24vvv1\Maksimov\lab8\Debug\lab8.exe
       Manifest:
         C:\Program Files\Microsoft SDKs\Windows\v7.0A\bin\mt.exe /nologo /verbose /outputresource:"E:\24vvv1\Maksimov\lab8\Debug\lab8.exe;#1" /manifest Debug\lab8.exe.intermediate.manifest
       FinalizeBuildStatus:
         Файл "Debug\lab8.unsuccessfulbuild" удаляется.
         Обращение к "Debug\lab8.lastbuildstate".
     1>Построение проекта "E:\24vvv1\Maksimov\lab8\lab8\lab8.vcxproj" завершено (целевые объекты build).

Построение успешно завершено.

Затраченное время: 00:00:01.45
